
> nextjs-app@0.1.0 build
> next build

▲ Next.js 16.1.6 (Turbopack)
- Experiments (use with caution):
  ✓ mdxRs

  Creating an optimized production build ...

> Build error occurred
Error: Turbopack build failed with 1 errors:
./middleware.ts:3:1
Module not found: Can't resolve '@/lib/i18n'
[0m [90m 1 |[39m [36mimport[39m { [33mNextResponse[39m } [36mfrom[39m [32m"next/server"[39m[33m;[39m
 [90m 2 |[39m [36mimport[39m type { [33mNextRequest[39m } [36mfrom[39m [32m"next/server"[39m[33m;[39m
[31m[1m>[22m[39m[90m 3 |[39m [36mimport[39m { [33mLOCALES[39m[33m,[39m [33mDEFAULT_LOCALE[39m } [36mfrom[39m [32m"@/lib/i18n"[39m[33m;[39m
 [90m   |[39m [31m[1m^[22m[39m[31m[1m^[22m[39m[31m[1m^[22m[39m[31m[1m^[22m[39m[31m[1m^[22m[39m[31m[1m^[22m[39m[31m[1m^[22m[39m[31m[1m^[22m[39m[31m[1m^[22m[39m[31m[1m^[22m[39m[31m[1m^[22m[39m[31m[1m^[22m[39m[31m[1m^[22m[39m[31m[1m^[22m[39m[31m[1m^[22m[39m[31m[1m^[22m[39m[31m[1m^[22m[39m[31m[1m^[22m[39m[31m[1m^[22m[39m[31m[1m^[22m[39m[31m[1m^[22m[39m[31m[1m^[22m[39m[31m[1m^[22m[39m[31m[1m^[22m[39m[31m[1m^[22m[39m[31m[1m^[22m[39m[31m[1m^[22m[39m[31m[1m^[22m[39m[31m[1m^[22m[39m[31m[1m^[22m[39m[31m[1m^[22m[39m[31m[1m^[22m[39m[31m[1m^[22m[39m[31m[1m^[22m[39m[31m[1m^[22m[39m[31m[1m^[22m[39m[31m[1m^[22m[39m[31m[1m^[22m[39m[31m[1m^[22m[39m[31m[1m^[22m[39m[31m[1m^[22m[39m[31m[1m^[22m[39m[31m[1m^[22m[39m[31m[1m^[22m[39m[31m[1m^[22m[39m[31m[1m^[22m[39m[31m[1m^[22m[39m[31m[1m^[22m[39m[31m[1m^[22m[39m[31m[1m^[22m[39m[31m[1m^[22m[39m[31m[1m^[22m[39m[31m[1m^[22m[39m
 [90m 4 |[39m
 [90m 5 |[39m [36mconst[39m [33mSKIP_PATTERNS[39m [33m=[39m [[32m"/api"[39m[33m,[39m [32m"/_next"[39m[33m,[39m [32m"/favicon"[39m][33m;[39m
 [90m 6 |[39m[0m

Import map: aliased to relative './src/lib/i18n' inside of [project]/


https://nextjs.org/docs/messages/module-not-found


    at <unknown> (./middleware.ts:3:1)
    at <unknown> (https://nextjs.org/docs/messages/module-not-found)
